\BOOKMARK [1][-]{section.1}{\376\377\225\213\166\172\200\005\124\021\060\121}{}% 1
\BOOKMARK [2][-]{subsection.1.1}{\376\377\060\313\060\363\060\306\060\363\060\311\060\374\060\267\060\271\060\306\060\340}{section.1}% 2
\BOOKMARK [3][-]{subsubsection.1.1.1}{\376\377\151\202\211\201}{subsection.1.1}% 3
\BOOKMARK [3][-]{subsubsection.1.1.2}{\376\377\060\307\060\374\060\277\151\313\220\040}{subsection.1.1}% 4
\BOOKMARK [3][-]{subsubsection.1.1.3}{\376\377\060\313\060\363\060\306\060\363\060\311\060\374\060\267\060\271\060\306\060\340\000\040\000H\000T\000T\000P\060\341\060\275\060\303\060\311\060\150\060\352\060\275\060\374\060\271\124\015\116\000\211\247}{subsection.1.1}% 5
\BOOKMARK [3][-]{subsubsection.1.1.4}{\376\377\220\167\171\373\126\363}{subsection.1.1}% 6
\BOOKMARK [3][-]{subsubsection.1.1.5}{\376\377\060\352\060\275\060\374\060\271\124\015\060\124\060\150\060\156\152\137\200\375\212\163\175\060}{subsection.1.1}% 7
\BOOKMARK [2][-]{subsection.1.2}{\376\377\000i\000P\000h\000o\000n\000e\060\267\060\271\060\306\060\340}{section.1}% 8
\BOOKMARK [3][-]{subsubsection.1.2.1}{\376\377\151\202\211\201}{subsection.1.2}% 9
\BOOKMARK [3][-]{subsubsection.1.2.2}{\376\377\060\307\060\374\060\277\151\313\220\040}{subsection.1.2}% 10
\BOOKMARK [3][-]{subsubsection.1.2.3}{\376\377\000i\000P\000h\000o\000n\000e\060\267\060\271\060\306\060\340\000\040\000H\000T\000T\000P\060\341\060\275\060\303\060\311\060\150\060\352\060\275\060\374\060\271\124\015\116\000\211\247}{subsection.1.2}% 11
\BOOKMARK [3][-]{subsubsection.1.2.4}{\376\377\220\167\171\373\126\363}{subsection.1.2}% 12
\BOOKMARK [3][-]{subsubsection.1.2.5}{\376\377\060\352\060\275\060\374\060\271\124\015\060\124\060\150\060\156\152\137\200\375\212\163\175\060}{subsection.1.2}% 13
\BOOKMARK [2][-]{subsection.1.3}{\376\377\060\335\060\261\060\342\060\363\060\267\060\271\060\306\060\340}{section.1}% 14
\BOOKMARK [3][-]{subsubsection.1.3.1}{\376\377\151\202\211\201}{subsection.1.3}% 15
\BOOKMARK [3][-]{subsubsection.1.3.2}{\376\377\060\307\060\374\060\277\151\313\220\040}{subsection.1.3}% 16
\BOOKMARK [3][-]{subsubsection.1.3.3}{\376\377\060\335\060\261\060\342\060\363\060\267\060\271\060\306\060\340\000\040\000H\000T\000T\000P\060\341\060\275\060\303\060\311\060\150\060\352\060\275\060\374\060\271\124\015\116\000\211\247}{subsection.1.3}% 17
\BOOKMARK [3][-]{subsubsection.1.3.4}{\376\377\220\167\171\373\126\363}{subsection.1.3}% 18
\BOOKMARK [3][-]{subsubsection.1.3.5}{\376\377\060\352\060\275\060\374\060\271\124\015\060\124\060\150\060\156\152\137\200\375\212\163\175\060}{subsection.1.3}% 19
\BOOKMARK [1][-]{section.2}{\376\377\173\241\164\006\200\005\124\021\060\121\116\325\151\330\146\370}{}% 20
\BOOKMARK [2][-]{subsection.2.1}{\376\377\060\244\060\363\060\271\060\310\060\374\060\353\145\271\154\325}{section.2}% 21
\BOOKMARK [2][-]{subsection.2.2}{\376\377\215\167\122\325\145\271\154\325}{section.2}% 22
\BOOKMARK [2][-]{subsection.2.3}{\376\377\175\102\116\206\145\271\154\325}{section.2}% 23
\BOOKMARK [2][-]{subsection.2.4}{\376\377\215\167\122\325\060\147\060\115\060\152\060\104\130\064\124\010}{section.2}% 24
\BOOKMARK [2][-]{subsection.2.5}{\376\377\122\006\060\113\060\143\060\146\060\104\060\213\116\015\121\167\124\010}{section.2}% 25
